<?xml version="1.0" encoding="UTF-8"?>
<testsuite xmlns:xsi="http://www.w3.org/2001/XMLSchema-instance" xsi:noNamespaceSchemaLocation="https://maven.apache.org/surefire/maven-surefire-plugin/xsd/surefire-test-report.xsd" name="TestOrderCreate" time="0.703" tests="4" errors="0" skipped="0" failures="0">
  <properties>
[...]
</properties>
  <testcase name="createOrderColorTest[Тестовые данные: Имя,Фамилия,ВДНХ,80299735245,4,2022-05-01,Дай самокат,[Ljava.lang.String;@51566ce0,{9}]" classname="TestOrderCreate" time="0.165"/>
  <testcase name="createOrderColorTest[Тестовые данные: Петя,Петров,ВДНХ,80299735213,1,2022-04-01,Плиииз,[Ljava.lang.String;@69a294d8,{9}]" classname="TestOrderCreate" time="0.172"/>
  <testcase name="createOrderColorTest[Тестовые данные: Лера,Смирнова,Черниговская,80299455555,10,2022-04-22,Дай самокат,[Ljava.lang.String;@70b1028d,{9}]" classname="TestOrderCreate" time="0.193"/>
  <testcase name="createOrderColorTest[Тестовые данные: Саша,Чикова,Черниговская,80299445555,2,2022-04-12,коммент,[Ljava.lang.String;@11d422fd,{9}]" classname="TestOrderCreate" time="0.157"/>
</testsuite>